<?xml version="1.0" encoding="UTF-8"?>
<testsuite name="com.example.member.MemberApplicationTests" tests="1" skipped="0" failures="0" errors="0" timestamp="2025-01-22T11:00:37" hostname="muje-ui-MacBookAir.local" time="0.482">
  <properties/>
  <testcase name="contextLoads()" classname="com.example.member.MemberApplicationTests" time="0.482"/>
  <system-out><![CDATA[20:00:36.548 [Test worker] INFO org.springframework.test.context.support.AnnotationConfigContextLoaderUtils -- Could not detect default configuration classes for test class [com.example.member.MemberApplicationTests]: MemberApplicationTests does not declare any static, non-private, non-final, nested classes annotated with @Configuration.
20:00:36.609 [Test worker] INFO org.springframework.boot.test.context.SpringBootTestContextBootstrapper -- Found @SpringBootConfiguration com.example.member.MemberApplication for test class com.example.member.MemberApplicationTests

  .   ____          _            __ _ _
 /\\ / ___'_ __ _ _(_)_ __  __ _ \ \ \ \
( ( )\___ | '_ | '_| | '_ \/ _` | \ \ \ \
 \\/  ___)| |_)| | | | | || (_| |  ) ) ) )
  '  |____| .__|_| |_|_| |_\__, | / / / /
 =========|_|==============|___/=/_/_/_/

 :: Spring Boot ::                (v3.4.1)

2025-01-22T20:00:36.864+09:00  INFO 3477 --- [    Test worker] c.example.member.MemberApplicationTests  : Starting MemberApplicationTests using Java 17.0.13 with PID 3477 (started by muje in /Users/muje/Desktop/member)
2025-01-22T20:00:36.865+09:00  INFO 3477 --- [    Test worker] c.example.member.MemberApplicationTests  : No active profile set, falling back to 1 default profile: "default"
2025-01-22T20:00:37.356+09:00  INFO 3477 --- [    Test worker] o.s.b.a.w.s.WelcomePageHandlerMapping    : Adding welcome page template: index
2025-01-22T20:00:37.509+09:00  INFO 3477 --- [    Test worker] c.example.member.MemberApplicationTests  : Started MemberApplicationTests in 0.816 seconds (process running for 1.519)
]]></system-out>
  <system-err><![CDATA[]]></system-err>
</testsuite>
